{
  "RSpec": {
    "coverage": {
      "/home/mcguffin/Coding/Lenguages/Ruby/cypher/spec/cypher_spec.rb": {
        "lines": [
          1,
          null,
          1,
          1,
          1,
          1,
          1,
          1,
          null,
          null,
          1,
          1,
          1,
          null,
          null,
          null
        ]
      },
      "/home/mcguffin/Coding/Lenguages/Ruby/cypher/lib/cypher.rb": {
        "lines": [
          1,
          null,
          1,
          null,
          1,
          2,
          null,
          null,
          1,
          12,
          5,
          null,
          null,
          null,
          null,
          1,
          7,
          7,
          7,
          null,
          null,
          null,
          null,
          null,
          null,
          null,
          null
        ]
      }
    },
    "timestamp": 1604606625
  }
}
